<?xml version="1.0" encoding="UTF-8"?>
<testsuite xmlns:xsi="http://www.w3.org/2001/XMLSchema-instance" xsi:noNamespaceSchemaLocation="https://maven.apache.org/surefire/maven-surefire-plugin/xsd/surefire-test-report.xsd" name="iww.PlanificationTest" time="0.209" tests="2" errors="0" skipped="0" failures="0">
  <properties>
[...]
</properties>
  <testcase name="testStartPlanification" classname="iww.PlanificationTest" time="0.044"/>
  <testcase name="testStartPlanificationUnJoueur" classname="iww.PlanificationTest" time="0.165"/>
</testsuite>